2020-04-04 20:44:22 INFO  WJYLogger:10 - <WJYLoggerTest> info...
2020-04-04 20:44:22 DEBUG WJYLogger:11 - <WJYLoggerTest> debug...
2020-04-04 20:44:22 WARN  WJYLogger:12 - <WJYLoggerTest> warn...
2020-04-04 20:44:22 ERROR WJYLogger:13 - <WJYLoggerTest> error...
2020-04-04 20:44:35 INFO  WJYLogger:10 - <WJYLoggerTest> info...
2020-04-04 20:44:35 DEBUG WJYLogger:11 - <WJYLoggerTest> debug...
2020-04-04 20:44:35 WARN  WJYLogger:12 - <WJYLoggerTest> warn...
2020-04-04 20:44:35 ERROR WJYLogger:13 - <WJYLoggerTest> error...
2020-04-04 20:44:58 INFO  WJYLogger: - <WJYLoggerTest> info...
 102020-04-04 20:44:58 DEBUG WJYLogger: - <WJYLoggerTest> debug...
 112020-04-04 20:44:58 WARN  WJYLogger: - <WJYLoggerTest> warn...
 122020-04-04 20:44:58 ERROR WJYLogger: - <WJYLoggerTest> error...
 13[2020-04-04 20:45:35] INFO  WJYLogger:10 - <WJYLoggerTest> info...
[2020-04-04 20:45:35] DEBUG WJYLogger:11 - <WJYLoggerTest> debug...
[2020-04-04 20:45:35] WARN  WJYLogger:12 - <WJYLoggerTest> warn...
[2020-04-04 20:45:35] ERROR WJYLogger:13 - <WJYLoggerTest> error...
[2020-04-04 20:46:42,242][INFO ][main] <WJYLoggerTest> info... (WJYLoggerTest.java:10)
[2020-04-04 20:46:42,246][DEBUG][main] <WJYLoggerTest> debug... (WJYLoggerTest.java:11)
[2020-04-04 20:46:42,246][WARN ][main] <WJYLoggerTest> warn... (WJYLoggerTest.java:12)
[2020-04-04 20:46:42,246][ERROR][main] <WJYLoggerTest> error... (WJYLoggerTest.java:13)
[2020-04-04 20:47:09,673][INFO ][main] <WJYLoggerTest> info... (WJYLoggerTest.java:10)
[2020-04-04 20:47:09,676][DEBUG][main] <WJYLoggerTest> debug... (WJYLoggerTest.java:11)
[2020-04-04 20:47:09,677][WARN ][main] <WJYLoggerTest> warn... (WJYLoggerTest.java:12)
[2020-04-04 20:47:09,677][ERROR][main] <WJYLoggerTest> error... (WJYLoggerTest.java:13)
[2020-04-04 20:47:29,391][INFO ][main] <WJYLoggerTest> info... (WJYLoggerTest.java:11)
[2020-04-04 20:47:29,395][DEBUG][main] <WJYLoggerTest> debug... (WJYLoggerTest.java:12)
[2020-04-04 20:47:29,395][WARN ][main] <WJYLoggerTest> warn... (WJYLoggerTest.java:13)
[2020-04-04 20:47:29,395][ERROR][main] <WJYLoggerTest> error... (WJYLoggerTest.java:14)
[2020-04-04 20:47:43,861][INFO ][main] <WJYLoggerTest> info... (WJYLoggerTest.java:10)
[2020-04-04 20:47:43,864][DEBUG][main] <WJYLoggerTest> debug... (WJYLoggerTest.java:11)
[2020-04-04 20:47:43,864][WARN ][main] <WJYLoggerTest> warn... (WJYLoggerTest.java:12)
[2020-04-04 20:47:43,864][ERROR][main] <WJYLoggerTest> error... (WJYLoggerTest.java:13)
[2020-04-04 20:50:57,421][INFO ][main] <WJYLoggerTest> info... (WJYLoggerTest.java:10)
[2020-04-04 20:50:57,424][DEBUG][main] <WJYLoggerTest> debug... (WJYLoggerTest.java:11)
[2020-04-04 20:50:57,424][WARN ][main] <WJYLoggerTest> warn... (WJYLoggerTest.java:12)
[2020-04-04 20:50:57,424][ERROR][main] <WJYLoggerTest> error... (WJYLoggerTest.java:13)
2020-04-04 20:51:29 INFO  WJYLogger:10 - <WJYLoggerTest> info...
2020-04-04 20:51:29 DEBUG WJYLogger:11 - <WJYLoggerTest> debug...
2020-04-04 20:51:29 WARN  WJYLogger:12 - <WJYLoggerTest> warn...
2020-04-04 20:51:29 ERROR WJYLogger:13 - <WJYLoggerTest> error...
2020-04-04 20:51:42 INFO  WJYLogger:10 10 - <WJYLoggerTest> info...
2020-04-04 20:51:42 DEBUG WJYLogger:11 11 - <WJYLoggerTest> debug...
2020-04-04 20:51:42 WARN  WJYLogger:12 12 - <WJYLoggerTest> warn...
2020-04-04 20:51:42 ERROR WJYLogger:13 13 - <WJYLoggerTest> error...
2020-04-04 20:52:01 INFO  WJYLogger:10 - <WJYLoggerTest> info...
2020-04-04 20:52:01 DEBUG WJYLogger:11 - <WJYLoggerTest> debug...
2020-04-04 20:52:01 WARN  WJYLogger:12 - <WJYLoggerTest> warn...
2020-04-04 20:52:01 ERROR WJYLogger:13 - <WJYLoggerTest> error...
2020-04-04 21:02:21 INFO  WJYLogger:13 - beforeExecuteOnce
2020-04-04 21:02:21 INFO  WJYLogger:23 - execute
2020-04-04 21:02:21 INFO  WJYLogger:18 - afterExecuteOnce
2020-04-04 21:02:21 INFO  WJYLogger:28 - beforeRollbackOnce
2020-04-04 21:02:21 INFO  WJYLogger:38 - rollbackOnce
2020-04-04 21:02:21 INFO  WJYLogger:33 - afterRollbackOnce
[2020-04-04 21:22:11,820][INFO ][main] beforeExecuteOnce (CommandTest.java:13)
[2020-04-04 21:22:11,824][INFO ][main] execute (CommandTest.java:23)
[2020-04-04 21:22:11,824][INFO ][main] afterExecuteOnce (CommandTest.java:18)
[2020-04-04 21:22:11,824][INFO ][main] beforeRollbackOnce (CommandTest.java:28)
[2020-04-04 21:22:11,825][INFO ][main] rollbackOnce (CommandTest.java:38)
[2020-04-04 21:22:11,825][INFO ][main] afterRollbackOnce (CommandTest.java:33)
[2020-04-04 22:40:19,423][INFO ][main] beforeExecuteOnce (CommandTest.java:13)
[2020-04-04 22:40:19,426][INFO ][main] execute (CommandTest.java:23)
[2020-04-04 22:40:19,426][INFO ][main] afterExecuteOnce (CommandTest.java:18)
[2020-04-04 22:40:19,426][INFO ][main] beforeRollbackOnce (CommandTest.java:28)
[2020-04-04 22:40:19,426][INFO ][main] rollbackOnce (CommandTest.java:38)
[2020-04-04 22:40:19,426][INFO ][main] afterRollbackOnce (CommandTest.java:33)
[2020-04-05 00:17:53,773][INFO ][main] beforeExecuteOnce (CommandTest.java:13)
[2020-04-05 00:17:53,777][INFO ][main] execute (CommandTest.java:23)
[2020-04-05 00:17:53,777][INFO ][main] afterExecuteOnce (CommandTest.java:18)
[2020-04-05 00:17:53,777][INFO ][main] beforeRollbackOnce (CommandTest.java:28)
[2020-04-05 00:17:53,778][INFO ][main] rollbackOnce (CommandTest.java:38)
[2020-04-05 00:17:53,778][INFO ][main] afterRollbackOnce (CommandTest.java:33)
[2020-04-05 18:56:20,112][ERROR][main] <Worker> taskQueue is full. threadName = TestWorker (Worker.java:70)
[2020-04-05 18:57:32,315][ERROR][main] <Worker> taskQueue is full. threadName=TestWorker, queueSize=5 (Worker.java:70)
[2020-04-05 19:52:57,664][INFO ][main] beforeExecuteOnce (CommandTest.java:13)
[2020-04-05 19:52:57,666][INFO ][main] execute (CommandTest.java:23)
[2020-04-05 19:52:57,667][INFO ][main] afterExecuteOnce (CommandTest.java:18)
[2020-04-05 19:52:57,667][INFO ][main] beforeRollbackOnce (CommandTest.java:28)
[2020-04-05 19:52:57,667][INFO ][main] rollbackOnce (CommandTest.java:38)
[2020-04-05 19:52:57,667][INFO ][main] afterRollbackOnce (CommandTest.java:33)
